I, [2022-06-14T18:09:44.481579 #18941]  INFO -- Kitchen: -----> Starting Test Kitchen (v2.3.4)
I, [2022-06-14T18:09:46.698383 #18941]  INFO -- Kitchen: -----> Converging <centos-7-centos-7>...
E, [2022-06-14T18:10:48.316344 #18941] ERROR -- Kitchen: ------Exception-------
E, [2022-06-14T18:10:48.316383 #18941] ERROR -- Kitchen: Class: Kitchen::ActionFailed
E, [2022-06-14T18:10:48.316403 #18941] ERROR -- Kitchen: Message: 1 actions failed.
>>>>>>     Converge failed on instance <centos-7-centos-7>.  Please see .kitchen/logs/centos-7-centos-7.log for more details
E, [2022-06-14T18:10:48.316421 #18941] ERROR -- Kitchen: ----------------------
E, [2022-06-14T18:10:48.316437 #18941] ERROR -- Kitchen: ------Backtrace-------
E, [2022-06-14T18:10:48.316452 #18941] ERROR -- Kitchen: /opt/chefdk/embedded/lib/ruby/gems/2.6.0/gems/test-kitchen-2.3.4/lib/kitchen/command.rb:184:in `report_errors'
E, [2022-06-14T18:10:48.316466 #18941] ERROR -- Kitchen: /opt/chefdk/embedded/lib/ruby/gems/2.6.0/gems/test-kitchen-2.3.4/lib/kitchen/command.rb:175:in `run_action'
E, [2022-06-14T18:10:48.316480 #18941] ERROR -- Kitchen: /opt/chefdk/embedded/lib/ruby/gems/2.6.0/gems/test-kitchen-2.3.4/lib/kitchen/command/action.rb:36:in `block in call'
E, [2022-06-14T18:10:48.316495 #18941] ERROR -- Kitchen: /opt/chefdk/embedded/lib/ruby/2.6.0/benchmark.rb:293:in `measure'
E, [2022-06-14T18:10:48.316510 #18941] ERROR -- Kitchen: /opt/chefdk/embedded/lib/ruby/gems/2.6.0/gems/test-kitchen-2.3.4/lib/kitchen/command/action.rb:34:in `call'
E, [2022-06-14T18:10:48.316523 #18941] ERROR -- Kitchen: /opt/chefdk/embedded/lib/ruby/gems/2.6.0/gems/test-kitchen-2.3.4/lib/kitchen/cli.rb:52:in `perform'
E, [2022-06-14T18:10:48.316536 #18941] ERROR -- Kitchen: /opt/chefdk/embedded/lib/ruby/gems/2.6.0/gems/test-kitchen-2.3.4/lib/kitchen/cli.rb:198:in `block (2 levels) in <class:CLI>'
E, [2022-06-14T18:10:48.316551 #18941] ERROR -- Kitchen: /opt/chefdk/embedded/lib/ruby/gems/2.6.0/gems/thor-0.20.3/lib/thor/command.rb:27:in `run'
E, [2022-06-14T18:10:48.316565 #18941] ERROR -- Kitchen: /opt/chefdk/embedded/lib/ruby/gems/2.6.0/gems/thor-0.20.3/lib/thor/invocation.rb:126:in `invoke_command'
E, [2022-06-14T18:10:48.316585 #18941] ERROR -- Kitchen: /opt/chefdk/embedded/lib/ruby/gems/2.6.0/gems/thor-0.20.3/lib/thor.rb:387:in `dispatch'
E, [2022-06-14T18:10:48.316601 #18941] ERROR -- Kitchen: /opt/chefdk/embedded/lib/ruby/gems/2.6.0/gems/thor-0.20.3/lib/thor/base.rb:466:in `start'
E, [2022-06-14T18:10:48.316616 #18941] ERROR -- Kitchen: /opt/chefdk/embedded/lib/ruby/gems/2.6.0/gems/test-kitchen-2.3.4/bin/kitchen:13:in `block in <top (required)>'
E, [2022-06-14T18:10:48.316651 #18941] ERROR -- Kitchen: /opt/chefdk/embedded/lib/ruby/gems/2.6.0/gems/test-kitchen-2.3.4/lib/kitchen/errors.rb:171:in `with_friendly_errors'
E, [2022-06-14T18:10:48.316678 #18941] ERROR -- Kitchen: /opt/chefdk/embedded/lib/ruby/gems/2.6.0/gems/test-kitchen-2.3.4/bin/kitchen:13:in `<top (required)>'
E, [2022-06-14T18:10:48.316717 #18941] ERROR -- Kitchen: /usr/bin/kitchen:353:in `load'
E, [2022-06-14T18:10:48.316733 #18941] ERROR -- Kitchen: /usr/bin/kitchen:353:in `<main>'
E, [2022-06-14T18:10:48.316746 #18941] ERROR -- Kitchen: ----End Backtrace-----
E, [2022-06-14T18:10:48.316759 #18941] ERROR -- Kitchen: -Composite Exception--
E, [2022-06-14T18:10:48.316772 #18941] ERROR -- Kitchen: Class: Kitchen::InstanceFailure
E, [2022-06-14T18:10:48.316787 #18941] ERROR -- Kitchen: Message: Converge failed on instance <centos-7-centos-7>.  Please see .kitchen/logs/centos-7-centos-7.log for more details
E, [2022-06-14T18:10:48.316802 #18941] ERROR -- Kitchen: ----------------------
E, [2022-06-14T18:10:48.316815 #18941] ERROR -- Kitchen: ------Backtrace-------
E, [2022-06-14T18:10:48.316828 #18941] ERROR -- Kitchen: /opt/chefdk/embedded/lib/ruby/gems/2.6.0/gems/test-kitchen-2.3.4/lib/kitchen/provisioner/base.rb:95:in `rescue in call'
E, [2022-06-14T18:10:48.316844 #18941] ERROR -- Kitchen: /opt/chefdk/embedded/lib/ruby/gems/2.6.0/gems/test-kitchen-2.3.4/lib/kitchen/provisioner/base.rb:94:in `call'
E, [2022-06-14T18:10:48.316857 #18941] ERROR -- Kitchen: /opt/chefdk/embedded/lib/ruby/gems/2.6.0/gems/test-kitchen-2.3.4/lib/kitchen/instance.rb:409:in `block in converge_action'
E, [2022-06-14T18:10:48.316879 #18941] ERROR -- Kitchen: /opt/chefdk/embedded/lib/ruby/gems/2.6.0/gems/test-kitchen-2.3.4/lib/kitchen/instance.rb:552:in `synchronize_or_call'
E, [2022-06-14T18:10:48.316896 #18941] ERROR -- Kitchen: /opt/chefdk/embedded/lib/ruby/gems/2.6.0/gems/test-kitchen-2.3.4/lib/kitchen/instance.rb:514:in `block in action'
E, [2022-06-14T18:10:48.316911 #18941] ERROR -- Kitchen: /opt/chefdk/embedded/lib/ruby/2.6.0/benchmark.rb:293:in `measure'
E, [2022-06-14T18:10:48.316926 #18941] ERROR -- Kitchen: /opt/chefdk/embedded/lib/ruby/gems/2.6.0/gems/test-kitchen-2.3.4/lib/kitchen/instance.rb:513:in `action'
E, [2022-06-14T18:10:48.316939 #18941] ERROR -- Kitchen: /opt/chefdk/embedded/lib/ruby/gems/2.6.0/gems/test-kitchen-2.3.4/lib/kitchen/instance.rb:404:in `converge_action'
E, [2022-06-14T18:10:48.316952 #18941] ERROR -- Kitchen: /opt/chefdk/embedded/lib/ruby/gems/2.6.0/gems/test-kitchen-2.3.4/lib/kitchen/instance.rb:382:in `block (2 levels) in transition_to'
E, [2022-06-14T18:10:48.316967 #18941] ERROR -- Kitchen: /opt/chefdk/embedded/lib/ruby/gems/2.6.0/gems/test-kitchen-2.3.4/lib/kitchen/lifecycle_hooks.rb:45:in `run_with_hooks'
E, [2022-06-14T18:10:48.316981 #18941] ERROR -- Kitchen: /opt/chefdk/embedded/lib/ruby/gems/2.6.0/gems/test-kitchen-2.3.4/lib/kitchen/instance.rb:381:in `block in transition_to'
E, [2022-06-14T18:10:48.316994 #18941] ERROR -- Kitchen: /opt/chefdk/embedded/lib/ruby/gems/2.6.0/gems/test-kitchen-2.3.4/lib/kitchen/instance.rb:380:in `each'
E, [2022-06-14T18:10:48.317007 #18941] ERROR -- Kitchen: /opt/chefdk/embedded/lib/ruby/gems/2.6.0/gems/test-kitchen-2.3.4/lib/kitchen/instance.rb:380:in `transition_to'
E, [2022-06-14T18:10:48.317022 #18941] ERROR -- Kitchen: /opt/chefdk/embedded/lib/ruby/gems/2.6.0/gems/test-kitchen-2.3.4/lib/kitchen/instance.rb:140:in `converge'
E, [2022-06-14T18:10:48.317036 #18941] ERROR -- Kitchen: /opt/chefdk/embedded/lib/ruby/gems/2.6.0/gems/test-kitchen-2.3.4/lib/kitchen/command.rb:198:in `public_send'
E, [2022-06-14T18:10:48.317050 #18941] ERROR -- Kitchen: /opt/chefdk/embedded/lib/ruby/gems/2.6.0/gems/test-kitchen-2.3.4/lib/kitchen/command.rb:198:in `run_action_in_thread'
E, [2022-06-14T18:10:48.317063 #18941] ERROR -- Kitchen: /opt/chefdk/embedded/lib/ruby/gems/2.6.0/gems/test-kitchen-2.3.4/lib/kitchen/command.rb:169:in `block (2 levels) in run_action'
E, [2022-06-14T18:10:48.317078 #18941] ERROR -- Kitchen: /opt/chefdk/embedded/lib/ruby/gems/2.6.0/gems/logging-2.2.2/lib/logging/diagnostic_context.rb:474:in `block in create_with_logging_context'
E, [2022-06-14T18:10:48.317091 #18941] ERROR -- Kitchen: ----End Backtrace-----
E, [2022-06-14T18:10:48.317103 #18941] ERROR -- Kitchen: ---Nested Exception---
E, [2022-06-14T18:10:48.317116 #18941] ERROR -- Kitchen: Class: Kitchen::ActionFailed
E, [2022-06-14T18:10:48.317130 #18941] ERROR -- Kitchen: Message: SSH exited (1) for command: [sh -c '
TEST_KITCHEN="1"; export TEST_KITCHEN
sudo -E /opt/chef/bin/chef-solo --config /tmp/kitchen/solo.rb --log_level auto --force-formatter --no-color --json-attributes /tmp/kitchen/dna.json 
']
E, [2022-06-14T18:10:48.317145 #18941] ERROR -- Kitchen: ----------------------
E, [2022-06-14T18:10:48.317158 #18941] ERROR -- Kitchen: ------Backtrace-------
E, [2022-06-14T18:10:48.317171 #18941] ERROR -- Kitchen: /opt/chefdk/embedded/lib/ruby/gems/2.6.0/gems/test-kitchen-2.3.4/lib/kitchen/provisioner/base.rb:95:in `rescue in call'
E, [2022-06-14T18:10:48.317185 #18941] ERROR -- Kitchen: /opt/chefdk/embedded/lib/ruby/gems/2.6.0/gems/test-kitchen-2.3.4/lib/kitchen/provisioner/base.rb:94:in `call'
E, [2022-06-14T18:10:48.317198 #18941] ERROR -- Kitchen: /opt/chefdk/embedded/lib/ruby/gems/2.6.0/gems/test-kitchen-2.3.4/lib/kitchen/instance.rb:409:in `block in converge_action'
E, [2022-06-14T18:10:48.317212 #18941] ERROR -- Kitchen: /opt/chefdk/embedded/lib/ruby/gems/2.6.0/gems/test-kitchen-2.3.4/lib/kitchen/instance.rb:552:in `synchronize_or_call'
E, [2022-06-14T18:10:48.317231 #18941] ERROR -- Kitchen: /opt/chefdk/embedded/lib/ruby/gems/2.6.0/gems/test-kitchen-2.3.4/lib/kitchen/instance.rb:514:in `block in action'
E, [2022-06-14T18:10:48.317248 #18941] ERROR -- Kitchen: /opt/chefdk/embedded/lib/ruby/2.6.0/benchmark.rb:293:in `measure'
E, [2022-06-14T18:10:48.317269 #18941] ERROR -- Kitchen: /opt/chefdk/embedded/lib/ruby/gems/2.6.0/gems/test-kitchen-2.3.4/lib/kitchen/instance.rb:513:in `action'
E, [2022-06-14T18:10:48.317283 #18941] ERROR -- Kitchen: /opt/chefdk/embedded/lib/ruby/gems/2.6.0/gems/test-kitchen-2.3.4/lib/kitchen/instance.rb:404:in `converge_action'
E, [2022-06-14T18:10:48.317297 #18941] ERROR -- Kitchen: /opt/chefdk/embedded/lib/ruby/gems/2.6.0/gems/test-kitchen-2.3.4/lib/kitchen/instance.rb:382:in `block (2 levels) in transition_to'
E, [2022-06-14T18:10:48.317311 #18941] ERROR -- Kitchen: /opt/chefdk/embedded/lib/ruby/gems/2.6.0/gems/test-kitchen-2.3.4/lib/kitchen/lifecycle_hooks.rb:45:in `run_with_hooks'
E, [2022-06-14T18:10:48.317324 #18941] ERROR -- Kitchen: /opt/chefdk/embedded/lib/ruby/gems/2.6.0/gems/test-kitchen-2.3.4/lib/kitchen/instance.rb:381:in `block in transition_to'
E, [2022-06-14T18:10:48.317337 #18941] ERROR -- Kitchen: /opt/chefdk/embedded/lib/ruby/gems/2.6.0/gems/test-kitchen-2.3.4/lib/kitchen/instance.rb:380:in `each'
E, [2022-06-14T18:10:48.317350 #18941] ERROR -- Kitchen: /opt/chefdk/embedded/lib/ruby/gems/2.6.0/gems/test-kitchen-2.3.4/lib/kitchen/instance.rb:380:in `transition_to'
E, [2022-06-14T18:10:48.317364 #18941] ERROR -- Kitchen: /opt/chefdk/embedded/lib/ruby/gems/2.6.0/gems/test-kitchen-2.3.4/lib/kitchen/instance.rb:140:in `converge'
E, [2022-06-14T18:10:48.317379 #18941] ERROR -- Kitchen: /opt/chefdk/embedded/lib/ruby/gems/2.6.0/gems/test-kitchen-2.3.4/lib/kitchen/command.rb:198:in `public_send'
E, [2022-06-14T18:10:48.317392 #18941] ERROR -- Kitchen: /opt/chefdk/embedded/lib/ruby/gems/2.6.0/gems/test-kitchen-2.3.4/lib/kitchen/command.rb:198:in `run_action_in_thread'
E, [2022-06-14T18:10:48.317405 #18941] ERROR -- Kitchen: /opt/chefdk/embedded/lib/ruby/gems/2.6.0/gems/test-kitchen-2.3.4/lib/kitchen/command.rb:169:in `block (2 levels) in run_action'
E, [2022-06-14T18:10:48.317420 #18941] ERROR -- Kitchen: /opt/chefdk/embedded/lib/ruby/gems/2.6.0/gems/logging-2.2.2/lib/logging/diagnostic_context.rb:474:in `block in create_with_logging_context'
E, [2022-06-14T18:10:48.317433 #18941] ERROR -- Kitchen: ----End Backtrace-----
